2021.10.25 17:40:53 INFO  es[][o.e.n.Node] version[7.14.1], pid[10580], build[unknown/unknown/66b55ebfa59c92c15db3f69a335d500018b3331e/2021-08-26T09:01:05.390870785Z], OS[Windows 10/10.0/amd64], JVM[Oracle Corporation/Java HotSpot(TM) 64-Bit Server VM/17.0.1/17.0.1+12-LTS-39]
2021.10.25 17:40:53 INFO  es[][o.e.n.Node] JVM home [C:\Program Files\Java\jdk-17.0.1]
2021.10.25 17:40:53 INFO  es[][o.e.n.Node] JVM arguments [-XX:+UseG1GC, -Djava.io.tmpdir=C:\Users\shril\Desktop\tasks\hmtask1\opt\sonarqube\temp, -XX:ErrorFile=../logs/es_hs_err_pid%p.log, -Des.networkaddress.cache.ttl=60, -Des.networkaddress.cache.negative.ttl=10, -XX:+AlwaysPreTouch, -Xss1m, -Djava.awt.headless=true, -Dfile.encoding=UTF-8, -Djna.nosys=true, -XX:-OmitStackTraceInFastThrow, -Dio.netty.noUnsafe=true, -Dio.netty.noKeySetOptimization=true, -Dio.netty.recycler.maxCapacityPerThread=0, -Dio.netty.allocator.numDirectArenas=0, -Dlog4j.shutdownHookEnabled=false, -Dlog4j2.disable.jmx=true, -Djava.locale.providers=COMPAT, -Xmx512m, -Xms512m, -XX:MaxDirectMemorySize=256m, -XX:+HeapDumpOnOutOfMemoryError, -Delasticsearch, -Des.path.home=C:\Users\shril\Desktop\tasks\hmtask1\opt\sonarqube\elasticsearch, -Des.path.conf=C:\Users\shril\Desktop\tasks\hmtask1\opt\sonarqube\temp\conf\es]
2021.10.25 17:40:54 INFO  es[][o.e.p.PluginsService] loaded module [analysis-common]
2021.10.25 17:40:54 INFO  es[][o.e.p.PluginsService] loaded module [lang-painless]
2021.10.25 17:40:54 INFO  es[][o.e.p.PluginsService] loaded module [parent-join]
2021.10.25 17:40:54 INFO  es[][o.e.p.PluginsService] loaded module [percolator]
2021.10.25 17:40:54 INFO  es[][o.e.p.PluginsService] loaded module [runtime-fields-common]
2021.10.25 17:40:54 INFO  es[][o.e.p.PluginsService] loaded module [transport-netty4]
2021.10.25 17:40:54 INFO  es[][o.e.p.PluginsService] no plugins loaded
2021.10.25 17:40:54 INFO  es[][o.e.e.NodeEnvironment] using [1] data paths, mounts [[OS (C:)]], net usable_space [25gb], net total_space [106.5gb], types [NTFS]
2021.10.25 17:40:54 INFO  es[][o.e.e.NodeEnvironment] heap size [512mb], compressed ordinary object pointers [true]
2021.10.25 17:40:55 INFO  es[][o.e.n.Node] node name [sonarqube], node ID [xrDB34fNQlGfxS1E5TRiNw], cluster name [sonarqube], roles [data_frozen, master, remote_cluster_client, data, data_content, data_hot, data_warm, data_cold, ingest]
2021.10.25 17:41:03 INFO  es[][o.e.t.NettyAllocator] creating NettyAllocator with the following configs: [name=unpooled, suggested_max_allocation_size=256kb, factors={es.unsafe.use_unpooled_allocator=null, g1gc_enabled=true, g1gc_region_size=1mb, heap_size=512mb}]
2021.10.25 17:41:03 INFO  es[][o.e.d.DiscoveryModule] using discovery type [zen] and seed hosts providers [settings]
2021.10.25 17:41:03 INFO  es[][o.e.g.DanglingIndicesState] gateway.auto_import_dangling_indices is disabled, dangling indices will not be automatically detected or imported and must be managed manually
2021.10.25 17:41:04 INFO  es[][o.e.n.Node] initialized
2021.10.25 17:41:04 INFO  es[][o.e.n.Node] starting ...
2021.10.25 17:41:04 INFO  es[][o.e.t.TransportService] publish_address {127.0.0.1:59012}, bound_addresses {127.0.0.1:59012}
2021.10.25 17:41:05 INFO  es[][o.e.c.c.Coordinator] setting initial configuration to VotingConfiguration{xrDB34fNQlGfxS1E5TRiNw}
2021.10.25 17:41:05 INFO  es[][o.e.c.s.MasterService] elected-as-master ([1] nodes joined)[{sonarqube}{xrDB34fNQlGfxS1E5TRiNw}{D9u6dJQQSTu5IlhRf1FWHw}{127.0.0.1}{127.0.0.1:59012}{cdfhimrsw} elect leader, _BECOME_MASTER_TASK_, _FINISH_ELECTION_], term: 1, version: 1, delta: master node changed {previous [], current [{sonarqube}{xrDB34fNQlGfxS1E5TRiNw}{D9u6dJQQSTu5IlhRf1FWHw}{127.0.0.1}{127.0.0.1:59012}{cdfhimrsw}]}
2021.10.25 17:41:05 INFO  es[][o.e.c.c.CoordinationState] cluster UUID set to [m57o5f4qRCOXZRSAIfdUuA]
2021.10.25 17:41:05 INFO  es[][o.e.c.s.ClusterApplierService] master node changed {previous [], current [{sonarqube}{xrDB34fNQlGfxS1E5TRiNw}{D9u6dJQQSTu5IlhRf1FWHw}{127.0.0.1}{127.0.0.1:59012}{cdfhimrsw}]}, term: 1, version: 1, reason: Publication{term=1, version=1}
2021.10.25 17:41:05 INFO  es[][o.e.h.AbstractHttpServerTransport] publish_address {127.0.0.1:9001}, bound_addresses {127.0.0.1:9001}
2021.10.25 17:41:05 INFO  es[][o.e.n.Node] started
2021.10.25 17:41:05 INFO  es[][o.e.g.GatewayService] recovered [0] indices into cluster_state
2021.10.25 17:41:20 INFO  es[][o.e.c.m.MetadataCreateIndexService] [metadatas] creating index, cause [api], templates [], shards [1]/[0]
2021.10.25 17:41:21 INFO  es[][o.e.c.r.a.AllocationService] Cluster health status changed from [YELLOW] to [GREEN] (reason: [shards started [[metadatas][0]]]).
2021.10.25 17:41:22 INFO  es[][o.e.c.m.MetadataMappingService] [metadatas/TV8Wb1g-Qi-1d7qPNCddgA] create_mapping [metadata]
2021.10.25 17:41:23 INFO  es[][o.e.c.m.MetadataCreateIndexService] [components] creating index, cause [api], templates [], shards [5]/[0]
2021.10.25 17:41:24 INFO  es[][o.e.c.r.a.AllocationService] Cluster health status changed from [YELLOW] to [GREEN] (reason: [shards started [[components][4]]]).
2021.10.25 17:41:24 INFO  es[][o.e.c.m.MetadataMappingService] [components/vFKL10N5TyKIawCkqjhY4A] create_mapping [auth]
2021.10.25 17:41:25 INFO  es[][o.e.c.m.MetadataCreateIndexService] [projectmeasures] creating index, cause [api], templates [], shards [5]/[0]
2021.10.25 17:41:26 INFO  es[][o.e.c.r.a.AllocationService] Cluster health status changed from [YELLOW] to [GREEN] (reason: [shards started [[projectmeasures][4]]]).
2021.10.25 17:41:26 INFO  es[][o.e.c.m.MetadataMappingService] [projectmeasures/xZXsSdazRC2Zg4A24MGZDg] create_mapping [auth]
2021.10.25 17:41:26 INFO  es[][o.e.c.m.MetadataCreateIndexService] [rules] creating index, cause [api], templates [], shards [2]/[0]
2021.10.25 17:41:27 INFO  es[][o.e.c.r.a.AllocationService] Cluster health status changed from [YELLOW] to [GREEN] (reason: [shards started [[rules][0]]]).
2021.10.25 17:41:27 INFO  es[][o.e.c.m.MetadataMappingService] [rules/Yzvb_nKBR3STwNJTHyd2qw] create_mapping [rule]
2021.10.25 17:41:27 INFO  es[][o.e.c.m.MetadataCreateIndexService] [issues] creating index, cause [api], templates [], shards [5]/[0]
2021.10.25 17:41:28 INFO  es[][o.e.c.r.a.AllocationService] Cluster health status changed from [YELLOW] to [GREEN] (reason: [shards started [[issues][4]]]).
2021.10.25 17:41:28 INFO  es[][o.e.c.m.MetadataMappingService] [issues/SiBGrRQNRvmOTvyhkoNv9g] create_mapping [auth]
2021.10.25 17:41:29 INFO  es[][o.e.c.m.MetadataCreateIndexService] [users] creating index, cause [api], templates [], shards [1]/[0]
2021.10.25 17:41:29 INFO  es[][o.e.c.r.a.AllocationService] Cluster health status changed from [YELLOW] to [GREEN] (reason: [shards started [[users][0]]]).
2021.10.25 17:41:29 INFO  es[][o.e.c.m.MetadataMappingService] [users/x06S-Ls_R1mm7bTA03FQ8w] create_mapping [user]
2021.10.25 17:41:29 INFO  es[][o.e.c.m.MetadataCreateIndexService] [views] creating index, cause [api], templates [], shards [5]/[0]
2021.10.25 17:41:30 INFO  es[][o.e.c.r.a.AllocationService] Cluster health status changed from [YELLOW] to [GREEN] (reason: [shards started [[views][4]]]).
2021.10.25 17:41:30 INFO  es[][o.e.c.m.MetadataMappingService] [views/aqS3FiuySe2wIsgdrgUDaw] create_mapping [view]
2021.10.25 17:42:09 INFO  es[][o.e.c.s.IndexScopedSettings] updating [index.refresh_interval] from [30s] to [-1]
2021.10.25 17:42:09 INFO  es[][o.e.c.s.IndexScopedSettings] updating [index.refresh_interval] from [30s] to [-1]
2021.10.25 17:42:10 INFO  es[][o.e.c.s.IndexScopedSettings] updating [index.refresh_interval] from [-1] to [30s]
2021.10.25 17:42:10 INFO  es[][o.e.c.s.IndexScopedSettings] updating [index.refresh_interval] from [-1] to [30s]
2021.10.25 17:42:10 INFO  es[][o.e.c.s.IndexScopedSettings] updating [index.refresh_interval] from [30s] to [-1]
2021.10.25 17:42:10 INFO  es[][o.e.c.s.IndexScopedSettings] updating [index.refresh_interval] from [30s] to [-1]
2021.10.25 17:42:10 INFO  es[][o.e.c.s.IndexScopedSettings] updating [index.refresh_interval] from [-1] to [30s]
2021.10.25 17:42:10 INFO  es[][o.e.c.s.IndexScopedSettings] updating [index.refresh_interval] from [-1] to [30s]
