--> Wrapper Started as Console
Launching a JVM...
Wrapper (Version 3.2.3) http://wrapper.tanukisoftware.org
  Copyright 1999-2006 Tanuki Software, Inc.  All Rights Reserved.

2021.10.25 17:40:48 INFO  app[][o.s.a.AppFileSystem] Cleaning or creating temp directory C:\Users\shril\Desktop\tasks\hmtask1\opt\sonarqube\temp
2021.10.25 17:40:48 INFO  app[][o.s.a.es.EsSettings] Elasticsearch listening on [HTTP: 127.0.0.1:9001, TCP: 127.0.0.1:59012]
2021.10.25 17:40:48 INFO  app[][o.s.a.ProcessLauncherImpl] Launch process[[key='es', ipcIndex=1, logFilenamePrefix=es]] from [C:\Users\shril\Desktop\tasks\hmtask1\opt\sonarqube\elasticsearch]: C:\Program Files\Java\jdk-17.0.1\bin\java -XX:+UseG1GC -Djava.io.tmpdir=C:\Users\shril\Desktop\tasks\hmtask1\opt\sonarqube\temp -XX:ErrorFile=../logs/es_hs_err_pid%p.log -Des.networkaddress.cache.ttl=60 -Des.networkaddress.cache.negative.ttl=10 -XX:+AlwaysPreTouch -Xss1m -Djava.awt.headless=true -Dfile.encoding=UTF-8 -Djna.nosys=true -XX:-OmitStackTraceInFastThrow -Dio.netty.noUnsafe=true -Dio.netty.noKeySetOptimization=true -Dio.netty.recycler.maxCapacityPerThread=0 -Dio.netty.allocator.numDirectArenas=0 -Dlog4j.shutdownHookEnabled=false -Dlog4j2.disable.jmx=true -Djava.locale.providers=COMPAT -Xmx512m -Xms512m -XX:MaxDirectMemorySize=256m -XX:+HeapDumpOnOutOfMemoryError -Delasticsearch -Des.path.home=C:\Users\shril\Desktop\tasks\hmtask1\opt\sonarqube\elasticsearch -Des.path.conf=C:\Users\shril\Desktop\tasks\hmtask1\opt\sonarqube\temp\conf\es -cp lib/* org.elasticsearch.bootstrap.Elasticsearch
2021.10.25 17:40:48 INFO  app[][o.s.a.SchedulerImpl] Waiting for Elasticsearch to be up and running
WARNING: A terminally deprecated method in java.lang.System has been called
WARNING: System::setSecurityManager has been called by org.elasticsearch.bootstrap.Elasticsearch (file:/C:/Users/shril/Desktop/tasks/hmtask1/opt/sonarqube/elasticsearch/lib/elasticsearch-7.14.1.jar)
WARNING: Please consider reporting this to the maintainers of org.elasticsearch.bootstrap.Elasticsearch
WARNING: System::setSecurityManager will be removed in a future release
WARNING: A terminally deprecated method in java.lang.System has been called
WARNING: System::setSecurityManager has been called by org.elasticsearch.bootstrap.Security (file:/C:/Users/shril/Desktop/tasks/hmtask1/opt/sonarqube/elasticsearch/lib/elasticsearch-7.14.1.jar)
WARNING: Please consider reporting this to the maintainers of org.elasticsearch.bootstrap.Security
WARNING: System::setSecurityManager will be removed in a future release
2021.10.25 17:41:06 INFO  app[][o.s.a.SchedulerImpl] Process[es] is up
2021.10.25 17:41:06 INFO  app[][o.s.a.ProcessLauncherImpl] Launch process[[key='web', ipcIndex=2, logFilenamePrefix=web]] from [C:\Users\shril\Desktop\tasks\hmtask1\opt\sonarqube]: C:\Program Files\Java\jdk-17.0.1\bin\java -Djava.awt.headless=true -Dfile.encoding=UTF-8 -Djava.io.tmpdir=C:\Users\shril\Desktop\tasks\hmtask1\opt\sonarqube\temp -XX:-OmitStackTraceInFastThrow --add-opens=java.base/java.util=ALL-UNNAMED --add-opens=java.base/java.lang=ALL-UNNAMED --add-opens=java.base/java.io=ALL-UNNAMED --add-opens=java.rmi/sun.rmi.transport=ALL-UNNAMED --add-exports=java.base/jdk.internal.ref=ALL-UNNAMED --add-opens=java.base/java.nio=ALL-UNNAMED --add-opens=java.base/sun.nio.ch=ALL-UNNAMED --add-opens=java.management/sun.management=ALL-UNNAMED --add-opens=jdk.management/com.sun.management.internal=ALL-UNNAMED -Xmx512m -Xms128m -XX:+HeapDumpOnOutOfMemoryError -Dhttp.nonProxyHosts=localhost|127.*|[::1] -cp ./lib/sonar-application-9.1.0.47736.jar;C:\Users\shril\Desktop\tasks\hmtask1\opt\sonarqube\lib\jdbc\h2\h2-1.4.199.jar org.sonar.server.app.WebServer C:\Users\shril\Desktop\tasks\hmtask1\opt\sonarqube\temp\sq-process1996568540506093187properties
WARNING: A terminally deprecated method in java.lang.System has been called
WARNING: System::setSecurityManager has been called by org.sonar.process.PluginSecurityManager (file:/C:/Users/shril/Desktop/tasks/hmtask1/opt/sonarqube/lib/sonar-application-9.1.0.47736.jar)
WARNING: Please consider reporting this to the maintainers of org.sonar.process.PluginSecurityManager
WARNING: System::setSecurityManager will be removed in a future release
2021.10.25 17:42:11 INFO  app[][o.s.a.SchedulerImpl] Process[web] is up
2021.10.25 17:42:11 INFO  app[][o.s.a.ProcessLauncherImpl] Launch process[[key='ce', ipcIndex=3, logFilenamePrefix=ce]] from [C:\Users\shril\Desktop\tasks\hmtask1\opt\sonarqube]: C:\Program Files\Java\jdk-17.0.1\bin\java -Djava.awt.headless=true -Dfile.encoding=UTF-8 -Djava.io.tmpdir=C:\Users\shril\Desktop\tasks\hmtask1\opt\sonarqube\temp -XX:-OmitStackTraceInFastThrow --add-opens=java.base/java.util=ALL-UNNAMED --add-exports=java.base/jdk.internal.ref=ALL-UNNAMED --add-opens=java.base/java.lang=ALL-UNNAMED --add-opens=java.base/java.nio=ALL-UNNAMED --add-opens=java.base/sun.nio.ch=ALL-UNNAMED --add-opens=java.management/sun.management=ALL-UNNAMED --add-opens=jdk.management/com.sun.management.internal=ALL-UNNAMED -Xmx512m -Xms128m -XX:+HeapDumpOnOutOfMemoryError -Dhttp.nonProxyHosts=localhost|127.*|[::1] -cp ./lib/sonar-application-9.1.0.47736.jar;C:\Users\shril\Desktop\tasks\hmtask1\opt\sonarqube\lib\jdbc\h2\h2-1.4.199.jar org.sonar.ce.app.CeServer C:\Users\shril\Desktop\tasks\hmtask1\opt\sonarqube\temp\sq-process14529501567198742171properties
2021.10.25 17:42:12 WARN  app[][startup] ####################################################################################################################
2021.10.25 17:42:12 WARN  app[][startup] Default Administrator credentials are still being used. Make sure to change the password or deactivate the account.
2021.10.25 17:42:12 WARN  app[][startup] ####################################################################################################################
WARNING: A terminally deprecated method in java.lang.System has been called
WARNING: System::setSecurityManager has been called by org.sonar.process.PluginSecurityManager (file:/C:/Users/shril/Desktop/tasks/hmtask1/opt/sonarqube/lib/sonar-application-9.1.0.47736.jar)
WARNING: Please consider reporting this to the maintainers of org.sonar.process.PluginSecurityManager
WARNING: System::setSecurityManager will be removed in a future release
2021.10.25 17:42:20 INFO  app[][o.s.a.SchedulerImpl] Process[ce] is up
2021.10.25 17:42:20 INFO  app[][o.s.a.SchedulerImpl] SonarQube is up
CTRL-C trapped.  Shutting down.
CTRL-C trapped.  Forcing immediate shutdown.
JVM did not exit on request, terminated
2021.10.25 18:09:39 INFO  app[][o.s.a.SchedulerImpl] Stopping SonarQube
<-- Wrapper Stopped
